# JRE version: OpenJDK Runtime Environment (8.0_212-b03) (build 1.8.0_212-8u212-b03-0ubuntu1.16.04.1-b03)
# Java VM: OpenJDK 64-Bit Server VM (25.212-b03 mixed mode linux-amd64 compressed oops)
Heap:
 PSYoungGen      total 902144K, used 23525K [0x0000000779300000, 0x00000007b3e80000, 0x00000007c0000000)
  eden space 878592K, 0% used [0x0000000779300000,0x0000000779300000,0x00000007aed00000)
  from space 23552K, 99% used [0x00000007b2780000,0x00000007b3e79480,0x00000007b3e80000)
  to   space 22016K, 0% used [0x00000007aed00000,0x00000007aed00000,0x00000007b0280000)
 ParOldGen       total 142848K, used 137205K [0x00000006eb800000, 0x00000006f4380000, 0x0000000779300000)
  object space 142848K, 96% used [0x00000006eb800000,0x00000006f3dfd718,0x00000006f4380000)
 Metaspace       used 59421K, capacity 63882K, committed 64000K, reserved 1103872K
  class space    used 7701K, capacity 8905K, committed 8960K, reserved 1048576K
GC Heap History (10 events):
Event: 25.276 GC heap after
Heap after GC invocations=50 (full 3):
 PSYoungGen      total 842240K, used 12436K [0x0000000779300000, 0x00000007af580000, 0x00000007c0000000)
  eden space 821760K, 0% used [0x0000000779300000,0x0000000779300000,0x00000007ab580000)
  from space 20480K, 60% used [0x00000007ab580000,0x00000007ac1a5358,0x00000007ac980000)
  to   space 19968K, 0% used [0x00000007ae200000,0x00000007ae200000,0x00000007af580000)
 ParOldGen       total 142848K, used 102278K [0x00000006eb800000, 0x00000006f4380000, 0x0000000779300000)
  object space 142848K, 71% used [0x00000006eb800000,0x00000006f1be1878,0x00000006f4380000)
 Metaspace       used 57237K, capacity 61384K, committed 61568K, reserved 1101824K
  class space    used 7449K, capacity 8564K, committed 8576K, reserved 1048576K
}
Event: 25.814 GC heap before
{Heap before GC invocations=51 (full 3):
 PSYoungGen      total 842240K, used 834196K [0x0000000779300000, 0x00000007af580000, 0x00000007c0000000)
  eden space 821760K, 100% used [0x0000000779300000,0x00000007ab580000,0x00000007ab580000)
  from space 20480K, 60% used [0x00000007ab580000,0x00000007ac1a5358,0x00000007ac980000)
  to   space 19968K, 0% used [0x00000007ae200000,0x00000007ae200000,0x00000007af580000)
 ParOldGen       total 142848K, used 102278K [0x00000006eb800000, 0x00000006f4380000, 0x0000000779300000)
  object space 142848K, 71% used [0x00000006eb800000,0x00000006f1be1878,0x00000006f4380000)
 Metaspace       used 57237K, capacity 61384K, committed 61568K, reserved 1101824K
  class space    used 7449K, capacity 8564K, committed 8576K, reserved 1048576K
Event: 25.861 GC heap after
Heap after GC invocations=51 (full 3):
 PSYoungGen      total 867840K, used 12660K [0x0000000779300000, 0x00000007afc80000, 0x00000007c0000000)
  eden space 847872K, 0% used [0x0000000779300000,0x0000000779300000,0x00000007acf00000)
  from space 19968K, 63% used [0x00000007ae200000,0x00000007aee5d358,0x00000007af580000)
  to   space 19456K, 0% used [0x00000007acf00000,0x00000007acf00000,0x00000007ae200000)
 ParOldGen       total 142848K, used 102486K [0x00000006eb800000, 0x00000006f4380000, 0x0000000779300000)
  object space 142848K, 71% used [0x00000006eb800000,0x00000006f1c15878,0x00000006f4380000)
 Metaspace       used 57237K, capacity 61384K, committed 61568K, reserved 1101824K
  class space    used 7449K, capacity 8564K, committed 8576K, reserved 1048576K
}
Event: 26.505 GC heap before
{Heap before GC invocations=52 (full 3):
 PSYoungGen      total 867840K, used 860532K [0x0000000779300000, 0x00000007afc80000, 0x00000007c0000000)
  eden space 847872K, 100% used [0x0000000779300000,0x00000007acf00000,0x00000007acf00000)
  from space 19968K, 63% used [0x00000007ae200000,0x00000007aee5d358,0x00000007af580000)
  to   space 19456K, 0% used [0x00000007acf00000,0x00000007acf00000,0x00000007ae200000)
 ParOldGen       total 142848K, used 102486K [0x00000006eb800000, 0x00000006f4380000, 0x0000000779300000)
  object space 142848K, 71% used [0x00000006eb800000,0x00000006f1c15878,0x00000006f4380000)
 Metaspace       used 57237K, capacity 61384K, committed 61568K, reserved 1101824K
  class space    used 7449K, capacity 8564K, committed 8576K, reserved 1048576K
Event: 26.530 GC heap after
Heap after GC invocations=52 (full 3):
 PSYoungGen      total 867328K, used 14612K [0x0000000779300000, 0x00000007b1600000, 0x00000007c0000000)
  eden space 847872K, 0% used [0x0000000779300000,0x0000000779300000,0x00000007acf00000)
  from space 19456K, 75% used [0x00000007acf00000,0x00000007add45358,0x00000007ae200000)
  to   space 19968K, 0% used [0x00000007b0280000,0x00000007b0280000,0x00000007b1600000)
 ParOldGen       total 142848K, used 102670K [0x00000006eb800000, 0x00000006f4380000, 0x0000000779300000)
  object space 142848K, 71% used [0x00000006eb800000,0x00000006f1c43878,0x00000006f4380000)
 Metaspace       used 57237K, capacity 61384K, committed 61568K, reserved 1101824K
  class space    used 7449K, capacity 8564K, committed 8576K, reserved 1048576K
}
Event: 27.287 GC heap before
{Heap before GC invocations=53 (full 3):
 PSYoungGen      total 867328K, used 862484K [0x0000000779300000, 0x00000007b1600000, 0x00000007c0000000)
  eden space 847872K, 100% used [0x0000000779300000,0x00000007acf00000,0x00000007acf00000)
  from space 19456K, 75% used [0x00000007acf00000,0x00000007add45358,0x00000007ae200000)
  to   space 19968K, 0% used [0x00000007b0280000,0x00000007b0280000,0x00000007b1600000)
 ParOldGen       total 142848K, used 102670K [0x00000006eb800000, 0x00000006f4380000, 0x0000000779300000)
  object space 142848K, 71% used [0x00000006eb800000,0x00000006f1c43878,0x00000006f4380000)
 Metaspace       used 57237K, capacity 61384K, committed 61568K, reserved 1101824K
  class space    used 7449K, capacity 8564K, committed 8576K, reserved 1048576K
Event: 27.342 GC heap after
Heap after GC invocations=53 (full 3):
 PSYoungGen      total 898560K, used 19540K [0x0000000779300000, 0x00000007b1d80000, 0x00000007c0000000)
  eden space 878592K, 0% used [0x0000000779300000,0x0000000779300000,0x00000007aed00000)
  from space 19968K, 97% used [0x00000007b0280000,0x00000007b1595358,0x00000007b1600000)
  to   space 22016K, 0% used [0x00000007aed00000,0x00000007aed00000,0x00000007b0280000)
 ParOldGen       total 142848K, used 102822K [0x00000006eb800000, 0x00000006f4380000, 0x0000000779300000)
  object space 142848K, 71% used [0x00000006eb800000,0x00000006f1c69878,0x00000006f4380000)
 Metaspace       used 57237K, capacity 61384K, committed 61568K, reserved 1101824K
  class space    used 7449K, capacity 8564K, committed 8576K, reserved 1048576K
}
Event: 28.424 GC heap before
{Heap before GC invocations=54 (full 3):
 PSYoungGen      total 898560K, used 898132K [0x0000000779300000, 0x00000007b1d80000, 0x00000007c0000000)
  eden space 878592K, 100% used [0x0000000779300000,0x00000007aed00000,0x00000007aed00000)
  from space 19968K, 97% used [0x00000007b0280000,0x00000007b1595358,0x00000007b1600000)
  to   space 22016K, 0% used [0x00000007aed00000,0x00000007aed00000,0x00000007b0280000)
 ParOldGen       total 142848K, used 102822K [0x00000006eb800000, 0x00000006f4380000, 0x0000000779300000)
  object space 142848K, 71% used [0x00000006eb800000,0x00000006f1c69878,0x00000006f4380000)
 Metaspace       used 57237K, capacity 61384K, committed 61568K, reserved 1101824K
  class space    used 7449K, capacity 8564K, committed 8576K, reserved 1048576K
Event: 28.469 GC heap after
Heap after GC invocations=54 (full 3):
 PSYoungGen      total 900608K, used 20148K [0x0000000779300000, 0x00000007b3e80000, 0x00000007c0000000)
  eden space 878592K, 0% used [0x0000000779300000,0x0000000779300000,0x00000007aed00000)
  from space 22016K, 91% used [0x00000007aed00000,0x00000007b00ad358,0x00000007b0280000)
  to   space 23552K, 0% used [0x00000007b2780000,0x00000007b2780000,0x00000007b3e80000)
 ParOldGen       total 142848K, used 102974K [0x00000006eb800000, 0x00000006f4380000, 0x0000000779300000)
  object space 142848K, 72% used [0x00000006eb800000,0x00000006f1c8f878,0x00000006f4380000)
 Metaspace       used 57237K, capacity 61384K, committed 61568K, reserved 1101824K
  class space    used 7449K, capacity 8564K, committed 8576K, reserved 1048576K
}
Event: 30.259 GC heap before
{Heap before GC invocations=55 (full 3):
 PSYoungGen      total 900608K, used 422687K [0x0000000779300000, 0x00000007b3e80000, 0x00000007c0000000)
  eden space 878592K, 45% used [0x0000000779300000,0x0000000791c1aa28,0x00000007aed00000)
  from space 22016K, 91% used [0x00000007aed00000,0x00000007b00ad358,0x00000007b0280000)
  to   space 23552K, 0% used [0x00000007b2780000,0x00000007b2780000,0x00000007b3e80000)
 ParOldGen       total 142848K, used 102974K [0x00000006eb800000, 0x00000006f4380000, 0x0000000779300000)
  object space 142848K, 72% used [0x00000006eb800000,0x00000006f1c8f878,0x00000006f4380000)
 Metaspace       used 59421K, capacity 63882K, committed 64000K, reserved 1103872K
  class space    used 7701K, capacity 8905K, committed 8960K, reserved 1048576K

